\BOOKMARK [0][-]{chapter.1}{Oversikt og bakgrunn}{}% 1
\BOOKMARK [1][-]{section.1.1}{Utfordringer}{chapter.1}% 2
\BOOKMARK [1][-]{section.1.2}{Bakgrunn}{chapter.1}% 3
\BOOKMARK [0][-]{chapter.2}{Arbeidsmetode}{}% 4
\BOOKMARK [0][-]{chapter.3}{Slik er organiseringen av tilbudet}{}% 5
\BOOKMARK [1][-]{section.3.1}{\330vre Eiker}{chapter.3}% 6
\BOOKMARK [2][-]{subsection.3.1.1}{NAV}{section.3.1}% 7
\BOOKMARK [2][-]{subsection.3.1.2}{Rus- og Psykiatritjenesten}{section.3.1}% 8
\BOOKMARK [1][-]{section.3.2}{Nedre Eiker}{chapter.3}% 9
\BOOKMARK [2][-]{subsection.3.2.1}{NAV}{section.3.2}% 10
\BOOKMARK [2][-]{subsection.3.2.2}{Psykiatritjenesten}{section.3.2}% 11
\BOOKMARK [0][-]{chapter.4}{M\370tene}{}% 12
\BOOKMARK [1][-]{section.4.1}{M\370teformat og gjennomf\370ring}{chapter.4}% 13
\BOOKMARK [1][-]{section.4.2}{Oppsummering}{chapter.4}% 14
\BOOKMARK [1][-]{section.4.3}{Styringsgruppen}{chapter.4}% 15
\BOOKMARK [2][-]{subsection.4.3.1}{Styringsgruppens f\370rste m\370ter}{section.4.3}% 16
\BOOKMARK [2][-]{subsection.4.3.2}{Styringsgruppens andre m\370te}{section.4.3}% 17
\BOOKMARK [1][-]{section.4.4}{Arbeidsgruppen}{chapter.4}% 18
\BOOKMARK [2][-]{subsection.4.4.1}{Arbeidsgruppens f\370rste m\370te}{section.4.4}% 19
\BOOKMARK [2][-]{subsection.4.4.2}{Arbeidsgruppens andre m\370te}{section.4.4}% 20
\BOOKMARK [2][-]{subsection.4.4.3}{Arbeidsgruppens tredje m\370te}{section.4.4}% 21
\BOOKMARK [2][-]{subsection.4.4.4}{Arbeidsgruppens fjerde m\370te}{section.4.4}% 22
\BOOKMARK [2][-]{subsection.4.4.5}{Arbeidsgruppens femte m\370te}{section.4.4}% 23
\BOOKMARK [2][-]{subsection.4.4.6}{Arbeidsgruppens heldagsm\370te}{section.4.4}% 24
\BOOKMARK [0][-]{chapter.5}{Diskusjon}{}% 25
\BOOKMARK [1][-]{section.5.1}{St\370rste utfordringer for oss per i dag}{chapter.5}% 26
\BOOKMARK [1][-]{section.5.2}{Forslag til l\370sninger}{chapter.5}% 27
\BOOKMARK [0][-]{chapter.6}{Veien videre}{}% 28
\BOOKMARK [1][-]{section.6.1}{Forslag til konkrete prosjekter}{chapter.6}% 29
\BOOKMARK [1][-]{section.6.2}{Prosjektgruppens anbefalinger}{chapter.6}% 30
\BOOKMARK [1][-]{section.6.3}{S\370knad om midler til videre prosjekter}{chapter.6}% 31
\BOOKMARK [2][-]{subsection.6.3.1}{Midler til psykolog i kommunene}{section.6.3}% 32
\BOOKMARK [2][-]{subsection.6.3.2}{Midler til iverksetting av ROP tiltak}{section.6.3}% 33
\BOOKMARK [2][-]{subsection.6.3.3}{Midler til oppf\370lging av ROP tiltak}{section.6.3}% 34
\BOOKMARK [0][-]{chapter*.17}{Kilder:}{}% 35
